* using log directory ‘/Users/patricia/Documents/GitHub/ds.client.connection.server/ds.client.connection.server.Rcheck’
* using R version 4.0.1 (2020-06-06)
* using platform: x86_64-apple-darwin17.0 (64-bit)
* using session charset: UTF-8
* using options ‘--no-manual --as-cran’
* checking for file ‘ds.client.connection.server/DESCRIPTION’ ... OK
* this is package ‘ds.client.connection.server’ version ‘0.6.0’
* package encoding: UTF-8
* checking package namespace information ... OK
* checking package dependencies ... OK
* checking if this is a source package ... OK
* checking if there is a namespace ... OK
* checking for executable files ... OK
* checking for hidden files and directories ... NOTE
Found the following hidden files and directories:
  .RData 2
  .Rhistory 2
  .Rhistory[Conflict]
These were most likely included in error. See section ‘Package
structure’ in the ‘Writing R Extensions’ manual.
* checking for portable file names ... WARNING
Found the following files with non-portable file names:
  .RData 2
  .Rhistory 2
  tests/testthat/definition_tests/def-ds.login 2.R
These are not fully portable file names.
See section ‘Package structure’ in the ‘Writing R Extensions’ manual.
* checking for sufficient/correct file permissions ... OK
* checking whether package ‘ds.client.connection.server’ can be installed ... WARNING
Found the following significant warnings:
  Warning: package ‘DSI’ was built under R version 4.0.2
See ‘/Users/patricia/Documents/GitHub/ds.client.connection.server/ds.client.connection.server.Rcheck/00install.out’ for details.
* checking installed package size ... OK
* checking package directory ... OK
* checking for future file timestamps ... OK
* checking DESCRIPTION meta-information ... NOTE
Malformed Description field: should contain one or more complete sentences.
* checking top-level files ... OK
* checking for left-over files ... OK
* checking index information ... OK
* checking package subdirectories ... OK
* checking R files for non-ASCII characters ... OK
* checking R files for syntax errors ... OK
* checking whether the package can be loaded ... OK
* checking whether the package can be loaded with stated dependencies ... OK
* checking whether the package can be unloaded cleanly ... OK
* checking whether the namespace can be loaded with stated dependencies ... OK
* checking whether the namespace can be unloaded cleanly ... OK
* checking dependencies in R code ... OK
* checking S3 generic/method consistency ... OK
* checking replacement functions ... OK
* checking foreign function calls ... OK
* checking R code for possible problems ... NOTE
.warning: no visible binding for global variable ‘error’
.warning: no visible binding for global variable ‘header’
Undefined global functions or variables:
  error header
* checking Rd files ... OK
* checking Rd metadata ... OK
* checking Rd line widths ... OK
* checking Rd cross-references ... WARNING
Missing link or links in documentation object 'ds.exists.on.server.Rd':
  ‘externalptr’

Missing link or links in documentation object 'ds.remove.variable.Rd':
  ‘externalptr’ ‘removeDS’

See section 'Cross-references' in the 'Writing R Extensions' manual.

* checking for missing documentation entries ... OK
* checking for code/documentation mismatches ... OK
* checking Rd \usage sections ... OK
* checking Rd contents ... OK
* checking for unstated dependencies in examples ... OK
* checking examples ... NONE
* checking for unstated dependencies in ‘tests’ ... WARNING
'library' or 'require' calls not declared from:
  ‘httr’ ‘testthat’
* checking tests ... ERROR
  Running ‘test-expt-ds.aggregate.R’
Running the tests in ‘tests/test-expt-ds.aggregate.R’ failed.
Last 13 lines of output:
  package 'DSI' was built under R version 4.0.2 
  > library(DSOpal)
  Loading required package: opalr
  Loading required package: httr
  > library(testthat)
  > library(httr)
  > 
  > source("definition_tests/def-ds.aggregate.R")
  Error in file(filename, "r", encoding = encoding) : 
    cannot open the connection
  Calls: source -> file
  In addition: Warning message:
  In file(filename, "r", encoding = encoding) :
    cannot open file 'definition_tests/def-ds.aggregate.R': No such file or directory
  Execution halted
* checking for non-standard things in the check directory ... OK
* checking for detritus in the temp directory ... OK
* DONE
Status: 1 ERROR, 4 WARNINGs, 3 NOTEs
